Base path: 'D:/GameEngines/Unity/2019.2.13f1/Editor/Data', plugins path 'D:/GameEngines/Unity/2019.2.13f1/Editor/Data/PlaybackEngines'
Cmd: initializeCompiler
Cmd: compileComputeKernel
  api=4 insize=18610 outsize=1491 ok=1
Cmd: compileComputeKernel
  api=4 insize=15603 outsize=22405 ok=1
Cmd: compileComputeKernel
  api=4 insize=15603 outsize=53590 ok=1
Cmd: compileComputeKernel
  api=4 insize=15603 outsize=53868 ok=1
Cmd: compileComputeKernel
  api=4 insize=15603 outsize=42745 ok=1
Cmd: compileComputeKernel
  api=4 insize=15603 outsize=40427 ok=1
Cmd: compileComputeKernel
  api=4 insize=15603 outsize=49829 ok=1
Cmd: compileComputeKernel
  api=4 insize=15603 outsize=44522 ok=1
Cmd: compileComputeKernel
  api=4 insize=36515 outsize=37474 ok=1
Cmd: compileSnippet
  api=4 type=0 insize=6670 outsize=810 kw=_NORMALMAP_TANGENT_SPACE _MASKMAP pd=UNITY_ENABLE_REFLECTION_BUFFERS UNITY_USE_DITHER_MASK_FOR_ALPHABLENDED_SHADOWS UNITY_PBS_USE_BRDF1 UNITY_SPECCUBE_BOX_PROJECTION UNITY_SPECCUBE_BLENDING UNITY_ENABLE_DETAIL_NORMALMAP SHADER_API_DESKTOP UNITY_LIGHT_PROBE_PROXY_VOLUME UNITY_LIGHTMAP_FULL_HDR ok=1
Cmd: compileSnippet
  api=4 type=1 insize=7138 outsize=5422 kw=DECALS_3RT _NORMALMAP_TANGENT_SPACE pd=UNITY_ENABLE_REFLECTION_BUFFERS UNITY_USE_DITHER_MASK_FOR_ALPHABLENDED_SHADOWS UNITY_PBS_USE_BRDF1 UNITY_SPECCUBE_BOX_PROJECTION UNITY_SPECCUBE_BLENDING UNITY_ENABLE_DETAIL_NORMALMAP SHADER_API_DESKTOP UNITY_LIGHT_PROBE_PROXY_VOLUME UNITY_LIGHTMAP_FULL_HDR ok=1
Cmd: initializeCompiler
Cmd: initializeCompiler
Cmd: compileComputeKernel
  api=4 insize=15806 outsize=62481 ok=1
Cmd: compileComputeKernel
  api=4 insize=15806 outsize=36067 ok=1
Cmd: compileComputeKernel
  api=4 insize=15806 outsize=42964 ok=1
Cmd: compileComputeKernel
  api=4 insize=15806 outsize=64962 ok=1
Cmd: compileComputeKernel
  api=4 insize=15806 outsize=67391 ok=1
Cmd: compileComputeKernel
  api=4 insize=26390 outsize=15415 ok=1
Cmd: compileComputeKernel
  api=4 insize=5067 outsize=2417 ok=1
Cmd: compileComputeKernel
  api=4 insize=7611 outsize=6586 ok=1
Cmd: compileComputeKernel
  api=4 insize=3154 outsize=1991 ok=1
Cmd: compileComputeKernel
  api=4 insize=13984 outsize=3986 ok=1
Cmd: compileComputeKernel
  api=4 insize=22088 outsize=15086 ok=1
Cmd: compileComputeKernel
  api=4 insize=7702 outsize=7243 ok=1
Cmd: compileComputeKernel
  api=4 insize=8163 outsize=532 ok=1
Cmd: compileComputeKernel
  api=4 insize=37247 outsize=35084 ok=1
Cmd: compileComputeKernel
  api=4 insize=10127 outsize=4045 ok=1
Cmd: compileComputeKernel
  api=4 insize=18083 outsize=2481 ok=1
Cmd: compileComputeKernel
  api=4 insize=2555 outsize=756 ok=1
Cmd: compileComputeKernel
  api=4 insize=20136 outsize=14761 ok=1
Cmd: compileSnippet
  api=4 type=1 insize=6360 outsize=142 kw=UNITY_PASS_SHADOWCASTER _NORMALMAP_TANGENT_SPACE _MASKMAP pd=UNITY_ENABLE_REFLECTION_BUFFERS UNITY_USE_DITHER_MASK_FOR_ALPHABLENDED_SHADOWS UNITY_PBS_USE_BRDF1 UNITY_SPECCUBE_BOX_PROJECTION UNITY_SPECCUBE_BLENDING UNITY_ENABLE_DETAIL_NORMALMAP SHADER_API_DESKTOP UNITY_LIGHT_PROBE_PROXY_VOLUME UNITY_LIGHTMAP_FULL_HDR ok=1
Cmd: compileSnippet
  api=4 type=1 insize=8428 outsize=71030 kw=DECALS_3RT SHADOW_LOW USE_CLUSTERED_LIGHTLIST _SURFACE_TYPE_TRANSPARENT _NORMALMAP_TANGENT_SPACE _BLENDMODE_ALPHA _BLENDMODE_PRESERVE_SPECULAR_LIGHTING _ENABLE_FOG_ON_TRANSPARENT pd=UNITY_ENABLE_REFLECTION_BUFFERS UNITY_USE_DITHER_MASK_FOR_ALPHABLENDED_SHADOWS UNITY_PBS_USE_BRDF1 UNITY_SPECCUBE_BOX_PROJECTION UNITY_SPECCUBE_BLENDING UNITY_ENABLE_DETAIL_NORMALMAP SHADER_API_DESKTOP UNITY_LIGHT_PROBE_PROXY_VOLUME UNITY_LIGHTMAP_FULL_HDR ok=1
Cmd: initializeCompiler
Cmd: compileComputeKernel
  api=4 insize=3072 outsize=375 ok=1
Cmd: compileComputeKernel
  api=4 insize=1806 outsize=1385 ok=1
Cmd: compileComputeKernel
  api=4 insize=1454 outsize=1455 ok=1
Cmd: compileComputeKernel
  api=4 insize=2044 outsize=1000 ok=1
